2024-08-31T00:05:09.876-05:00  INFO 26400 --- [AbyssiniaHotelBookingApp] [SpringApplicationShutdownHook] j.LocalContainerEntityManagerFactoryBean : Closing JPA EntityManagerFactory for persistence unit 'default'
2024-08-31T00:05:09.961-05:00  INFO 26400 --- [AbyssiniaHotelBookingApp] [SpringApplicationShutdownHook] com.zaxxer.hikari.HikariDataSource       : HikariPool-1 - Shutdown initiated...
2024-08-31T00:05:09.991-05:00  INFO 26400 --- [AbyssiniaHotelBookingApp] [SpringApplicationShutdownHook] com.zaxxer.hikari.HikariDataSource       : HikariPool-1 - Shutdown completed.
2024-08-31T00:05:23.619-05:00  INFO 28944 --- [AbyssiniaHotelBookingApp] [restartedMain] .s.A.AbyssiniaHotelBookingAppApplication : Starting AbyssiniaHotelBookingAppApplication using Java 22 with PID 28944 (C:\Users\sarin\OneDrive\Desktop\Per Scholas\AbyssiniaHotelBookingApp\target\classes started by sarin in C:\Users\sarin\OneDrive\Desktop\Per Scholas\AbyssiniaHotelBookingApp)
2024-08-31T00:05:23.625-05:00  INFO 28944 --- [AbyssiniaHotelBookingApp] [restartedMain] .s.A.AbyssiniaHotelBookingAppApplication : No active profile set, falling back to 1 default profile: "default"
2024-08-31T00:05:23.759-05:00  INFO 28944 --- [AbyssiniaHotelBookingApp] [restartedMain] .e.DevToolsPropertyDefaultsPostProcessor : Devtools property defaults active! Set 'spring.devtools.add-properties' to 'false' to disable
2024-08-31T00:05:23.759-05:00  INFO 28944 --- [AbyssiniaHotelBookingApp] [restartedMain] .e.DevToolsPropertyDefaultsPostProcessor : For additional web related logging consider setting the 'logging.level.web' property to 'DEBUG'
2024-08-31T00:05:26.543-05:00  INFO 28944 --- [AbyssiniaHotelBookingApp] [restartedMain] .s.d.r.c.RepositoryConfigurationDelegate : Bootstrapping Spring Data JPA repositories in DEFAULT mode.
2024-08-31T00:05:26.700-05:00  INFO 28944 --- [AbyssiniaHotelBookingApp] [restartedMain] .s.d.r.c.RepositoryConfigurationDelegate : Finished Spring Data repository scanning in 138 ms. Found 4 JPA repository interfaces.
2024-08-31T00:05:28.631-05:00  INFO 28944 --- [AbyssiniaHotelBookingApp] [restartedMain] o.s.b.w.embedded.tomcat.TomcatWebServer  : Tomcat initialized with port 8080 (http)
2024-08-31T00:05:28.660-05:00  INFO 28944 --- [AbyssiniaHotelBookingApp] [restartedMain] o.apache.catalina.core.StandardService   : Starting service [Tomcat]
2024-08-31T00:05:28.661-05:00  INFO 28944 --- [AbyssiniaHotelBookingApp] [restartedMain] o.apache.catalina.core.StandardEngine    : Starting Servlet engine: [Apache Tomcat/10.1.26]
2024-08-31T00:05:28.812-05:00  INFO 28944 --- [AbyssiniaHotelBookingApp] [restartedMain] o.a.c.c.C.[Tomcat].[localhost].[/]       : Initializing Spring embedded WebApplicationContext
2024-08-31T00:05:28.814-05:00  INFO 28944 --- [AbyssiniaHotelBookingApp] [restartedMain] w.s.c.ServletWebServerApplicationContext : Root WebApplicationContext: initialization completed in 5053 ms
2024-08-31T00:05:29.319-05:00  WARN 28944 --- [AbyssiniaHotelBookingApp] [restartedMain] o.a.c.c.C.[Tomcat].[localhost].[/]       : Cannot deserialize session attribute [SPRING_SECURITY_CONTEXT] for session [8D1438224CD1A29272E701A08F2A5113]
2024-08-31T00:05:29.660-05:00  INFO 28944 --- [AbyssiniaHotelBookingApp] [restartedMain] o.hibernate.jpa.internal.util.LogHelper  : HHH000204: Processing PersistenceUnitInfo [name: default]
2024-08-31T00:05:29.815-05:00  INFO 28944 --- [AbyssiniaHotelBookingApp] [restartedMain] org.hibernate.Version                    : HHH000412: Hibernate ORM core version 6.5.2.Final
2024-08-31T00:05:29.904-05:00  INFO 28944 --- [AbyssiniaHotelBookingApp] [restartedMain] o.h.c.internal.RegionFactoryInitiator    : HHH000026: Second-level cache disabled
2024-08-31T00:05:30.696-05:00  INFO 28944 --- [AbyssiniaHotelBookingApp] [restartedMain] o.s.o.j.p.SpringPersistenceUnitInfo      : No LoadTimeWeaver setup: ignoring JPA class transformer
2024-08-31T00:05:30.767-05:00  INFO 28944 --- [AbyssiniaHotelBookingApp] [restartedMain] com.zaxxer.hikari.HikariDataSource       : HikariPool-1 - Starting...
2024-08-31T00:05:32.603-05:00  WARN 28944 --- [AbyssiniaHotelBookingApp] [restartedMain] o.h.e.j.e.i.JdbcEnvironmentInitiator     : HHH000342: Could not obtain connection to query metadata

java.lang.NullPointerException: Cannot invoke "org.hibernate.engine.jdbc.spi.SqlExceptionHelper.convert(java.sql.SQLException, String)" because the return value of "org.hibernate.resource.transaction.backend.jdbc.internal.JdbcIsolationDelegate.sqlExceptionHelper()" is null
	at org.hibernate.resource.transaction.backend.jdbc.internal.JdbcIsolationDelegate.delegateWork(JdbcIsolationDelegate.java:116) ~[hibernate-core-6.5.2.Final.jar:6.5.2.Final]
	at org.hibernate.engine.jdbc.env.internal.JdbcEnvironmentInitiator.getJdbcEnvironmentUsingJdbcMetadata(JdbcEnvironmentInitiator.java:290) ~[hibernate-core-6.5.2.Final.jar:6.5.2.Final]
	at org.hibernate.engine.jdbc.env.internal.JdbcEnvironmentInitiator.initiateService(JdbcEnvironmentInitiator.java:123) ~[hibernate-core-6.5.2.Final.jar:6.5.2.Final]
	at org.hibernate.engine.jdbc.env.internal.JdbcEnvironmentInitiator.initiateService(JdbcEnvironmentInitiator.java:77) ~[hibernate-core-6.5.2.Final.jar:6.5.2.Final]
	at org.hibernate.boot.registry.internal.StandardServiceRegistryImpl.initiateService(StandardServiceRegistryImpl.java:130) ~[hibernate-core-6.5.2.Final.jar:6.5.2.Final]
	at org.hibernate.service.internal.AbstractServiceRegistryImpl.createService(AbstractServiceRegistryImpl.java:263) ~[hibernate-core-6.5.2.Final.jar:6.5.2.Final]
	at org.hibernate.service.internal.AbstractServiceRegistryImpl.initializeService(AbstractServiceRegistryImpl.java:238) ~[hibernate-core-6.5.2.Final.jar:6.5.2.Final]
	at org.hibernate.service.internal.AbstractServiceRegistryImpl.getService(AbstractServiceRegistryImpl.java:215) ~[hibernate-core-6.5.2.Final.jar:6.5.2.Final]
	at org.hibernate.boot.model.relational.Database.<init>(Database.java:45) ~[hibernate-core-6.5.2.Final.jar:6.5.2.Final]
	at org.hibernate.boot.internal.InFlightMetadataCollectorImpl.getDatabase(InFlightMetadataCollectorImpl.java:221) ~[hibernate-core-6.5.2.Final.jar:6.5.2.Final]
	at org.hibernate.boot.internal.InFlightMetadataCollectorImpl.<init>(InFlightMetadataCollectorImpl.java:189) ~[hibernate-core-6.5.2.Final.jar:6.5.2.Final]
	at org.hibernate.boot.model.process.spi.MetadataBuildingProcess.complete(MetadataBuildingProcess.java:171) ~[hibernate-core-6.5.2.Final.jar:6.5.2.Final]
	at org.hibernate.jpa.boot.internal.EntityManagerFactoryBuilderImpl.metadata(EntityManagerFactoryBuilderImpl.java:1431) ~[hibernate-core-6.5.2.Final.jar:6.5.2.Final]
	at org.hibernate.jpa.boot.internal.EntityManagerFactoryBuilderImpl.build(EntityManagerFactoryBuilderImpl.java:1502) ~[hibernate-core-6.5.2.Final.jar:6.5.2.Final]
	at org.springframework.orm.jpa.vendor.SpringHibernateJpaPersistenceProvider.createContainerEntityManagerFactory(SpringHibernateJpaPersistenceProvider.java:75) ~[spring-orm-6.1.11.jar:6.1.11]
	at org.springframework.orm.jpa.LocalContainerEntityManagerFactoryBean.createNativeEntityManagerFactory(LocalContainerEntityManagerFactoryBean.java:390) ~[spring-orm-6.1.11.jar:6.1.11]
	at org.springframework.orm.jpa.AbstractEntityManagerFactoryBean.buildNativeEntityManagerFactory(AbstractEntityManagerFactoryBean.java:409) ~[spring-orm-6.1.11.jar:6.1.11]
	at org.springframework.orm.jpa.AbstractEntityManagerFactoryBean.afterPropertiesSet(AbstractEntityManagerFactoryBean.java:396) ~[spring-orm-6.1.11.jar:6.1.11]
	at org.springframework.orm.jpa.LocalContainerEntityManagerFactoryBean.afterPropertiesSet(LocalContainerEntityManagerFactoryBean.java:366) ~[spring-orm-6.1.11.jar:6.1.11]
	at org.springframework.beans.factory.support.AbstractAutowireCapableBeanFactory.invokeInitMethods(AbstractAutowireCapableBeanFactory.java:1853) ~[spring-beans-6.1.11.jar:6.1.11]
	at org.springframework.beans.factory.support.AbstractAutowireCapableBeanFactory.initializeBean(AbstractAutowireCapableBeanFactory.java:1802) ~[spring-beans-6.1.11.jar:6.1.11]
	at org.springframework.beans.factory.support.AbstractAutowireCapableBeanFactory.doCreateBean(AbstractAutowireCapableBeanFactory.java:600) ~[spring-beans-6.1.11.jar:6.1.11]
	at org.springframework.beans.factory.support.AbstractAutowireCapableBeanFactory.createBean(AbstractAutowireCapableBeanFactory.java:522) ~[spring-beans-6.1.11.jar:6.1.11]
	at org.springframework.beans.factory.support.AbstractBeanFactory.lambda$doGetBean$0(AbstractBeanFactory.java:337) ~[spring-beans-6.1.11.jar:6.1.11]
	at org.springframework.beans.factory.support.DefaultSingletonBeanRegistry.getSingleton(DefaultSingletonBeanRegistry.java:234) ~[spring-beans-6.1.11.jar:6.1.11]
	at org.springframework.beans.factory.support.AbstractBeanFactory.doGetBean(AbstractBeanFactory.java:335) ~[spring-beans-6.1.11.jar:6.1.11]
	at org.springframework.beans.factory.support.AbstractBeanFactory.getBean(AbstractBeanFactory.java:205) ~[spring-beans-6.1.11.jar:6.1.11]
	at org.springframework.context.support.AbstractApplicationContext.finishBeanFactoryInitialization(AbstractApplicationContext.java:954) ~[spring-context-6.1.11.jar:6.1.11]
	at org.springframework.context.support.AbstractApplicationContext.refresh(AbstractApplicationContext.java:625) ~[spring-context-6.1.11.jar:6.1.11]
	at org.springframework.boot.web.servlet.context.ServletWebServerApplicationContext.refresh(ServletWebServerApplicationContext.java:146) ~[spring-boot-3.3.2.jar:3.3.2]
	at org.springframework.boot.SpringApplication.refresh(SpringApplication.java:754) ~[spring-boot-3.3.2.jar:3.3.2]
	at org.springframework.boot.SpringApplication.refreshContext(SpringApplication.java:456) ~[spring-boot-3.3.2.jar:3.3.2]
	at org.springframework.boot.SpringApplication.run(SpringApplication.java:335) ~[spring-boot-3.3.2.jar:3.3.2]
	at org.springframework.boot.SpringApplication.run(SpringApplication.java:1363) ~[spring-boot-3.3.2.jar:3.3.2]
	at org.springframework.boot.SpringApplication.run(SpringApplication.java:1352) ~[spring-boot-3.3.2.jar:3.3.2]
	at com.saraWoldegiorgis.AbyssiniaHotelBookingApp.AbyssiniaHotelBookingAppApplication.main(AbyssiniaHotelBookingAppApplication.java:10) ~[classes/:na]
	at java.base/jdk.internal.reflect.DirectMethodHandleAccessor.invoke(DirectMethodHandleAccessor.java:103) ~[na:na]
	at java.base/java.lang.reflect.Method.invoke(Method.java:580) ~[na:na]
	at org.springframework.boot.devtools.restart.RestartLauncher.run(RestartLauncher.java:50) ~[spring-boot-devtools-3.3.2.jar:3.3.2]

2024-08-31T00:05:32.657-05:00  WARN 28944 --- [AbyssiniaHotelBookingApp] [restartedMain] org.hibernate.orm.deprecation            : HHH90000025: MySQL8Dialect does not need to be specified explicitly using 'hibernate.dialect' (remove the property setting and it will be selected by default)
2024-08-31T00:05:32.660-05:00  WARN 28944 --- [AbyssiniaHotelBookingApp] [restartedMain] org.hibernate.orm.deprecation            : HHH90000026: MySQL8Dialect has been deprecated; use org.hibernate.dialect.MySQLDialect instead
2024-08-31T00:05:35.321-05:00  INFO 28944 --- [AbyssiniaHotelBookingApp] [restartedMain] o.h.e.t.j.p.i.JtaPlatformInitiator       : HHH000489: No JTA platform available (set 'hibernate.transaction.jta.platform' to enable JTA platform integration)
2024-08-31T00:05:35.377-05:00  INFO 28944 --- [AbyssiniaHotelBookingApp] [restartedMain] com.zaxxer.hikari.HikariDataSource       : HikariPool-1 - Starting...
2024-08-31T00:05:36.420-05:00  WARN 28944 --- [AbyssiniaHotelBookingApp] [restartedMain] o.h.engine.jdbc.spi.SqlExceptionHelper   : SQL Error: 1049, SQLState: 42000
2024-08-31T00:05:36.420-05:00 ERROR 28944 --- [AbyssiniaHotelBookingApp] [restartedMain] o.h.engine.jdbc.spi.SqlExceptionHelper   : Unknown database 'abyssinia_hotel_booking_db'
2024-08-31T00:05:36.431-05:00 ERROR 28944 --- [AbyssiniaHotelBookingApp] [restartedMain] j.LocalContainerEntityManagerFactoryBean : Failed to initialize JPA EntityManagerFactory: [PersistenceUnit: default] Unable to build Hibernate SessionFactory; nested exception is org.hibernate.exception.SQLGrammarException: Unable to open JDBC Connection for DDL execution [Unknown database 'abyssinia_hotel_booking_db'] [n/a]
2024-08-31T00:05:36.432-05:00  WARN 28944 --- [AbyssiniaHotelBookingApp] [restartedMain] ConfigServletWebServerApplicationContext : Exception encountered during context initialization - cancelling refresh attempt: org.springframework.beans.factory.BeanCreationException: Error creating bean with name 'entityManagerFactory' defined in class path resource [org/springframework/boot/autoconfigure/orm/jpa/HibernateJpaConfiguration.class]: [PersistenceUnit: default] Unable to build Hibernate SessionFactory; nested exception is org.hibernate.exception.SQLGrammarException: Unable to open JDBC Connection for DDL execution [Unknown database 'abyssinia_hotel_booking_db'] [n/a]
2024-08-31T00:05:36.439-05:00  INFO 28944 --- [AbyssiniaHotelBookingApp] [restartedMain] o.apache.catalina.core.StandardService   : Stopping service [Tomcat]
2024-08-31T00:05:36.478-05:00  INFO 28944 --- [AbyssiniaHotelBookingApp] [restartedMain] .s.b.a.l.ConditionEvaluationReportLogger : 

Error starting ApplicationContext. To display the condition evaluation report re-run your application with 'debug' enabled.
2024-08-31T00:05:36.542-05:00 ERROR 28944 --- [AbyssiniaHotelBookingApp] [restartedMain] o.s.boot.SpringApplication               : Application run failed

org.springframework.beans.factory.BeanCreationException: Error creating bean with name 'entityManagerFactory' defined in class path resource [org/springframework/boot/autoconfigure/orm/jpa/HibernateJpaConfiguration.class]: [PersistenceUnit: default] Unable to build Hibernate SessionFactory; nested exception is org.hibernate.exception.SQLGrammarException: Unable to open JDBC Connection for DDL execution [Unknown database 'abyssinia_hotel_booking_db'] [n/a]
	at org.springframework.beans.factory.support.AbstractAutowireCapableBeanFactory.initializeBean(AbstractAutowireCapableBeanFactory.java:1806) ~[spring-beans-6.1.11.jar:6.1.11]
	at org.springframework.beans.factory.support.AbstractAutowireCapableBeanFactory.doCreateBean(AbstractAutowireCapableBeanFactory.java:600) ~[spring-beans-6.1.11.jar:6.1.11]
	at org.springframework.beans.factory.support.AbstractAutowireCapableBeanFactory.createBean(AbstractAutowireCapableBeanFactory.java:522) ~[spring-beans-6.1.11.jar:6.1.11]
	at org.springframework.beans.factory.support.AbstractBeanFactory.lambda$doGetBean$0(AbstractBeanFactory.java:337) ~[spring-beans-6.1.11.jar:6.1.11]
	at org.springframework.beans.factory.support.DefaultSingletonBeanRegistry.getSingleton(DefaultSingletonBeanRegistry.java:234) ~[spring-beans-6.1.11.jar:6.1.11]
	at org.springframework.beans.factory.support.AbstractBeanFactory.doGetBean(AbstractBeanFactory.java:335) ~[spring-beans-6.1.11.jar:6.1.11]
	at org.springframework.beans.factory.support.AbstractBeanFactory.getBean(AbstractBeanFactory.java:205) ~[spring-beans-6.1.11.jar:6.1.11]
	at org.springframework.context.support.AbstractApplicationContext.finishBeanFactoryInitialization(AbstractApplicationContext.java:954) ~[spring-context-6.1.11.jar:6.1.11]
	at org.springframework.context.support.AbstractApplicationContext.refresh(AbstractApplicationContext.java:625) ~[spring-context-6.1.11.jar:6.1.11]
	at org.springframework.boot.web.servlet.context.ServletWebServerApplicationContext.refresh(ServletWebServerApplicationContext.java:146) ~[spring-boot-3.3.2.jar:3.3.2]
	at org.springframework.boot.SpringApplication.refresh(SpringApplication.java:754) ~[spring-boot-3.3.2.jar:3.3.2]
	at org.springframework.boot.SpringApplication.refreshContext(SpringApplication.java:456) ~[spring-boot-3.3.2.jar:3.3.2]
	at org.springframework.boot.SpringApplication.run(SpringApplication.java:335) ~[spring-boot-3.3.2.jar:3.3.2]
	at org.springframework.boot.SpringApplication.run(SpringApplication.java:1363) ~[spring-boot-3.3.2.jar:3.3.2]
	at org.springframework.boot.SpringApplication.run(SpringApplication.java:1352) ~[spring-boot-3.3.2.jar:3.3.2]
	at com.saraWoldegiorgis.AbyssiniaHotelBookingApp.AbyssiniaHotelBookingAppApplication.main(AbyssiniaHotelBookingAppApplication.java:10) ~[classes/:na]
	at java.base/jdk.internal.reflect.DirectMethodHandleAccessor.invoke(DirectMethodHandleAccessor.java:103) ~[na:na]
	at java.base/java.lang.reflect.Method.invoke(Method.java:580) ~[na:na]
	at org.springframework.boot.devtools.restart.RestartLauncher.run(RestartLauncher.java:50) ~[spring-boot-devtools-3.3.2.jar:3.3.2]
Caused by: jakarta.persistence.PersistenceException: [PersistenceUnit: default] Unable to build Hibernate SessionFactory; nested exception is org.hibernate.exception.SQLGrammarException: Unable to open JDBC Connection for DDL execution [Unknown database 'abyssinia_hotel_booking_db'] [n/a]
	at org.springframework.orm.jpa.AbstractEntityManagerFactoryBean.buildNativeEntityManagerFactory(AbstractEntityManagerFactoryBean.java:421) ~[spring-orm-6.1.11.jar:6.1.11]
	at org.springframework.orm.jpa.AbstractEntityManagerFactoryBean.afterPropertiesSet(AbstractEntityManagerFactoryBean.java:396) ~[spring-orm-6.1.11.jar:6.1.11]
	at org.springframework.orm.jpa.LocalContainerEntityManagerFactoryBean.afterPropertiesSet(LocalContainerEntityManagerFactoryBean.java:366) ~[spring-orm-6.1.11.jar:6.1.11]
	at org.springframework.beans.factory.support.AbstractAutowireCapableBeanFactory.invokeInitMethods(AbstractAutowireCapableBeanFactory.java:1853) ~[spring-beans-6.1.11.jar:6.1.11]
	at org.springframework.beans.factory.support.AbstractAutowireCapableBeanFactory.initializeBean(AbstractAutowireCapableBeanFactory.java:1802) ~[spring-beans-6.1.11.jar:6.1.11]
	... 18 common frames omitted
Caused by: org.hibernate.exception.SQLGrammarException: Unable to open JDBC Connection for DDL execution [Unknown database 'abyssinia_hotel_booking_db'] [n/a]
	at org.hibernate.exception.internal.SQLExceptionTypeDelegate.convert(SQLExceptionTypeDelegate.java:66) ~[hibernate-core-6.5.2.Final.jar:6.5.2.Final]
	at org.hibernate.exception.internal.StandardSQLExceptionConverter.convert(StandardSQLExceptionConverter.java:58) ~[hibernate-core-6.5.2.Final.jar:6.5.2.Final]
	at org.hibernate.engine.jdbc.spi.SqlExceptionHelper.convert(SqlExceptionHelper.java:108) ~[hibernate-core-6.5.2.Final.jar:6.5.2.Final]
	at org.hibernate.engine.jdbc.spi.SqlExceptionHelper.convert(SqlExceptionHelper.java:94) ~[hibernate-core-6.5.2.Final.jar:6.5.2.Final]
	at org.hibernate.resource.transaction.backend.jdbc.internal.DdlTransactionIsolatorNonJtaImpl.getIsolatedConnection(DdlTransactionIsolatorNonJtaImpl.java:74) ~[hibernate-core-6.5.2.Final.jar:6.5.2.Final]
	at org.hibernate.resource.transaction.backend.jdbc.internal.DdlTransactionIsolatorNonJtaImpl.getIsolatedConnection(DdlTransactionIsolatorNonJtaImpl.java:39) ~[hibernate-core-6.5.2.Final.jar:6.5.2.Final]
	at org.hibernate.tool.schema.internal.exec.ImprovedExtractionContextImpl.getJdbcConnection(ImprovedExtractionContextImpl.java:63) ~[hibernate-core-6.5.2.Final.jar:6.5.2.Final]
	at org.hibernate.tool.schema.internal.exec.ImprovedExtractionContextImpl.getJdbcDatabaseMetaData(ImprovedExtractionContextImpl.java:70) ~[hibernate-core-6.5.2.Final.jar:6.5.2.Final]
	at org.hibernate.tool.schema.extract.internal.InformationExtractorJdbcDatabaseMetaDataImpl.processTableResultSet(InformationExtractorJdbcDatabaseMetaDataImpl.java:65) ~[hibernate-core-6.5.2.Final.jar:6.5.2.Final]
	at org.hibernate.tool.schema.extract.internal.AbstractInformationExtractorImpl.getTables(AbstractInformationExtractorImpl.java:570) ~[hibernate-core-6.5.2.Final.jar:6.5.2.Final]
	at org.hibernate.tool.schema.extract.internal.DatabaseInformationImpl.getTablesInformation(DatabaseInformationImpl.java:122) ~[hibernate-core-6.5.2.Final.jar:6.5.2.Final]
	at org.hibernate.tool.schema.internal.GroupedSchemaMigratorImpl.performTablesMigration(GroupedSchemaMigratorImpl.java:72) ~[hibernate-core-6.5.2.Final.jar:6.5.2.Final]
	at org.hibernate.tool.schema.internal.AbstractSchemaMigrator.performMigration(AbstractSchemaMigrator.java:232) ~[hibernate-core-6.5.2.Final.jar:6.5.2.Final]
	at org.hibernate.tool.schema.internal.AbstractSchemaMigrator.doMigration(AbstractSchemaMigrator.java:117) ~[hibernate-core-6.5.2.Final.jar:6.5.2.Final]
	at org.hibernate.tool.schema.spi.SchemaManagementToolCoordinator.performDatabaseAction(SchemaManagementToolCoordinator.java:280) ~[hibernate-core-6.5.2.Final.jar:6.5.2.Final]
	at org.hibernate.tool.schema.spi.SchemaManagementToolCoordinator.lambda$process$5(SchemaManagementToolCoordinator.java:144) ~[hibernate-core-6.5.2.Final.jar:6.5.2.Final]
	at java.base/java.util.HashMap.forEach(HashMap.java:1429) ~[na:na]
	at org.hibernate.tool.schema.spi.SchemaManagementToolCoordinator.process(SchemaManagementToolCoordinator.java:141) ~[hibernate-core-6.5.2.Final.jar:6.5.2.Final]
	at org.hibernate.boot.internal.SessionFactoryObserverForSchemaExport.sessionFactoryCreated(SessionFactoryObserverForSchemaExport.java:37) ~[hibernate-core-6.5.2.Final.jar:6.5.2.Final]
	at org.hibernate.internal.SessionFactoryObserverChain.sessionFactoryCreated(SessionFactoryObserverChain.java:35) ~[hibernate-core-6.5.2.Final.jar:6.5.2.Final]
	at org.hibernate.internal.SessionFactoryImpl.<init>(SessionFactoryImpl.java:322) ~[hibernate-core-6.5.2.Final.jar:6.5.2.Final]
	at org.hibernate.boot.internal.SessionFactoryBuilderImpl.build(SessionFactoryBuilderImpl.java:457) ~[hibernate-core-6.5.2.Final.jar:6.5.2.Final]
	at org.hibernate.jpa.boot.internal.EntityManagerFactoryBuilderImpl.build(EntityManagerFactoryBuilderImpl.java:1506) ~[hibernate-core-6.5.2.Final.jar:6.5.2.Final]
	at org.springframework.orm.jpa.vendor.SpringHibernateJpaPersistenceProvider.createContainerEntityManagerFactory(SpringHibernateJpaPersistenceProvider.java:75) ~[spring-orm-6.1.11.jar:6.1.11]
	at org.springframework.orm.jpa.LocalContainerEntityManagerFactoryBean.createNativeEntityManagerFactory(LocalContainerEntityManagerFactoryBean.java:390) ~[spring-orm-6.1.11.jar:6.1.11]
	at org.springframework.orm.jpa.AbstractEntityManagerFactoryBean.buildNativeEntityManagerFactory(AbstractEntityManagerFactoryBean.java:409) ~[spring-orm-6.1.11.jar:6.1.11]
	... 22 common frames omitted
Caused by: java.sql.SQLSyntaxErrorException: Unknown database 'abyssinia_hotel_booking_db'
	at com.mysql.cj.jdbc.exceptions.SQLError.createSQLException(SQLError.java:121) ~[mysql-connector-j-8.3.0.jar:8.3.0]
	at com.mysql.cj.jdbc.exceptions.SQLExceptionsMapping.translateException(SQLExceptionsMapping.java:122) ~[mysql-connector-j-8.3.0.jar:8.3.0]
	at com.mysql.cj.jdbc.ConnectionImpl.createNewIO(ConnectionImpl.java:815) ~[mysql-connector-j-8.3.0.jar:8.3.0]
	at com.mysql.cj.jdbc.ConnectionImpl.<init>(ConnectionImpl.java:438) ~[mysql-connector-j-8.3.0.jar:8.3.0]
	at com.mysql.cj.jdbc.ConnectionImpl.getInstance(ConnectionImpl.java:241) ~[mysql-connector-j-8.3.0.jar:8.3.0]
	at com.mysql.cj.jdbc.NonRegisteringDriver.connect(NonRegisteringDriver.java:189) ~[mysql-connector-j-8.3.0.jar:8.3.0]
	at com.zaxxer.hikari.util.DriverDataSource.getConnection(DriverDataSource.java:137) ~[HikariCP-5.1.0.jar:na]
	at com.zaxxer.hikari.pool.PoolBase.newConnection(PoolBase.java:360) ~[HikariCP-5.1.0.jar:na]
	at com.zaxxer.hikari.pool.PoolBase.newPoolEntry(PoolBase.java:202) ~[HikariCP-5.1.0.jar:na]
	at com.zaxxer.hikari.pool.HikariPool.createPoolEntry(HikariPool.java:461) ~[HikariCP-5.1.0.jar:na]
	at com.zaxxer.hikari.pool.HikariPool.checkFailFast(HikariPool.java:550) ~[HikariCP-5.1.0.jar:na]
	at com.zaxxer.hikari.pool.HikariPool.<init>(HikariPool.java:98) ~[HikariCP-5.1.0.jar:na]
	at com.zaxxer.hikari.HikariDataSource.getConnection(HikariDataSource.java:111) ~[HikariCP-5.1.0.jar:na]
	at org.hibernate.engine.jdbc.connections.internal.DatasourceConnectionProviderImpl.getConnection(DatasourceConnectionProviderImpl.java:122) ~[hibernate-core-6.5.2.Final.jar:6.5.2.Final]
	at org.hibernate.engine.jdbc.env.internal.JdbcEnvironmentInitiator$ConnectionProviderJdbcConnectionAccess.obtainConnection(JdbcEnvironmentInitiator.java:437) ~[hibernate-core-6.5.2.Final.jar:6.5.2.Final]
	at org.hibernate.resource.transaction.backend.jdbc.internal.DdlTransactionIsolatorNonJtaImpl.getIsolatedConnection(DdlTransactionIsolatorNonJtaImpl.java:46) ~[hibernate-core-6.5.2.Final.jar:6.5.2.Final]
	... 43 common frames omitted

2024-08-31T00:09:01.056-05:00  INFO 24484 --- [AbyssiniaHotelBookingApp] [restartedMain] .s.A.AbyssiniaHotelBookingAppApplication : Starting AbyssiniaHotelBookingAppApplication using Java 22 with PID 24484 (C:\Users\sarin\OneDrive\Desktop\Per Scholas\AbyssiniaHotelBookingApp\target\classes started by sarin in C:\Users\sarin\OneDrive\Desktop\Per Scholas\AbyssiniaHotelBookingApp)
2024-08-31T00:09:01.061-05:00  INFO 24484 --- [AbyssiniaHotelBookingApp] [restartedMain] .s.A.AbyssiniaHotelBookingAppApplication : No active profile set, falling back to 1 default profile: "default"
2024-08-31T00:09:01.180-05:00  INFO 24484 --- [AbyssiniaHotelBookingApp] [restartedMain] .e.DevToolsPropertyDefaultsPostProcessor : Devtools property defaults active! Set 'spring.devtools.add-properties' to 'false' to disable
2024-08-31T00:09:01.181-05:00  INFO 24484 --- [AbyssiniaHotelBookingApp] [restartedMain] .e.DevToolsPropertyDefaultsPostProcessor : For additional web related logging consider setting the 'logging.level.web' property to 'DEBUG'
2024-08-31T00:09:03.695-05:00  INFO 24484 --- [AbyssiniaHotelBookingApp] [restartedMain] .s.d.r.c.RepositoryConfigurationDelegate : Bootstrapping Spring Data JPA repositories in DEFAULT mode.
2024-08-31T00:09:03.854-05:00  INFO 24484 --- [AbyssiniaHotelBookingApp] [restartedMain] .s.d.r.c.RepositoryConfigurationDelegate : Finished Spring Data repository scanning in 140 ms. Found 4 JPA repository interfaces.
2024-08-31T00:09:05.824-05:00  INFO 24484 --- [AbyssiniaHotelBookingApp] [restartedMain] o.s.b.w.embedded.tomcat.TomcatWebServer  : Tomcat initialized with port 8080 (http)
2024-08-31T00:09:05.853-05:00  INFO 24484 --- [AbyssiniaHotelBookingApp] [restartedMain] o.apache.catalina.core.StandardService   : Starting service [Tomcat]
2024-08-31T00:09:05.854-05:00  INFO 24484 --- [AbyssiniaHotelBookingApp] [restartedMain] o.apache.catalina.core.StandardEngine    : Starting Servlet engine: [Apache Tomcat/10.1.26]
2024-08-31T00:09:05.986-05:00  INFO 24484 --- [AbyssiniaHotelBookingApp] [restartedMain] o.a.c.c.C.[Tomcat].[localhost].[/]       : Initializing Spring embedded WebApplicationContext
2024-08-31T00:09:05.987-05:00  INFO 24484 --- [AbyssiniaHotelBookingApp] [restartedMain] w.s.c.ServletWebServerApplicationContext : Root WebApplicationContext: initialization completed in 4804 ms
2024-08-31T00:09:06.833-05:00  INFO 24484 --- [AbyssiniaHotelBookingApp] [restartedMain] o.hibernate.jpa.internal.util.LogHelper  : HHH000204: Processing PersistenceUnitInfo [name: default]
2024-08-31T00:09:06.979-05:00  INFO 24484 --- [AbyssiniaHotelBookingApp] [restartedMain] org.hibernate.Version                    : HHH000412: Hibernate ORM core version 6.5.2.Final
2024-08-31T00:09:07.072-05:00  INFO 24484 --- [AbyssiniaHotelBookingApp] [restartedMain] o.h.c.internal.RegionFactoryInitiator    : HHH000026: Second-level cache disabled
2024-08-31T00:09:07.860-05:00  INFO 24484 --- [AbyssiniaHotelBookingApp] [restartedMain] o.s.o.j.p.SpringPersistenceUnitInfo      : No LoadTimeWeaver setup: ignoring JPA class transformer
2024-08-31T00:09:07.934-05:00  INFO 24484 --- [AbyssiniaHotelBookingApp] [restartedMain] com.zaxxer.hikari.HikariDataSource       : HikariPool-1 - Starting...
2024-08-31T00:09:08.702-05:00  INFO 24484 --- [AbyssiniaHotelBookingApp] [restartedMain] com.zaxxer.hikari.pool.HikariPool        : HikariPool-1 - Added connection com.mysql.cj.jdbc.ConnectionImpl@5e84f98a
2024-08-31T00:09:08.707-05:00  INFO 24484 --- [AbyssiniaHotelBookingApp] [restartedMain] com.zaxxer.hikari.HikariDataSource       : HikariPool-1 - Start completed.
2024-08-31T00:09:08.829-05:00  WARN 24484 --- [AbyssiniaHotelBookingApp] [restartedMain] org.hibernate.orm.deprecation            : HHH90000025: MySQL8Dialect does not need to be specified explicitly using 'hibernate.dialect' (remove the property setting and it will be selected by default)
2024-08-31T00:09:08.833-05:00  WARN 24484 --- [AbyssiniaHotelBookingApp] [restartedMain] org.hibernate.orm.deprecation            : HHH90000026: MySQL8Dialect has been deprecated; use org.hibernate.dialect.MySQLDialect instead
2024-08-31T00:09:11.626-05:00  INFO 24484 --- [AbyssiniaHotelBookingApp] [restartedMain] o.h.e.t.j.p.i.JtaPlatformInitiator       : HHH000489: No JTA platform available (set 'hibernate.transaction.jta.platform' to enable JTA platform integration)
2024-08-31T00:09:12.829-05:00  INFO 24484 --- [AbyssiniaHotelBookingApp] [restartedMain] j.LocalContainerEntityManagerFactoryBean : Initialized JPA EntityManagerFactory for persistence unit 'default'
2024-08-31T00:09:13.804-05:00  INFO 24484 --- [AbyssiniaHotelBookingApp] [restartedMain] o.s.d.j.r.query.QueryEnhancerFactory     : Hibernate is in classpath; If applicable, HQL parser will be used.
2024-08-31T00:09:15.239-05:00  WARN 24484 --- [AbyssiniaHotelBookingApp] [restartedMain] JpaBaseConfiguration$JpaWebConfiguration : spring.jpa.open-in-view is enabled by default. Therefore, database queries may be performed during view rendering. Explicitly configure spring.jpa.open-in-view to disable this warning
2024-08-31T00:09:15.369-05:00  INFO 24484 --- [AbyssiniaHotelBookingApp] [restartedMain] eAuthenticationProviderManagerConfigurer : Global AuthenticationManager configured with AuthenticationProvider bean with name authenticationProvider
2024-08-31T00:09:15.371-05:00  WARN 24484 --- [AbyssiniaHotelBookingApp] [restartedMain] r$InitializeUserDetailsManagerConfigurer : Global AuthenticationManager configured with an AuthenticationProvider bean. UserDetailsService beans will not be used for username/password login. Consider removing the AuthenticationProvider bean. Alternatively, consider using the UserDetailsService in a manually instantiated DaoAuthenticationProvider.
2024-08-31T00:09:16.630-05:00  INFO 24484 --- [AbyssiniaHotelBookingApp] [restartedMain] o.s.b.a.e.web.EndpointLinksResolver      : Exposing 1 endpoint beneath base path '/actuator'
2024-08-31T00:09:18.149-05:00  INFO 24484 --- [AbyssiniaHotelBookingApp] [restartedMain] o.s.b.d.a.OptionalLiveReloadServer       : LiveReload server is running on port 35729
2024-08-31T00:09:18.404-05:00  INFO 24484 --- [AbyssiniaHotelBookingApp] [restartedMain] o.s.b.w.embedded.tomcat.TomcatWebServer  : Tomcat started on port 8080 (http) with context path '/'
2024-08-31T00:09:18.440-05:00  INFO 24484 --- [AbyssiniaHotelBookingApp] [restartedMain] .s.A.AbyssiniaHotelBookingAppApplication : Started AbyssiniaHotelBookingAppApplication in 18.444 seconds (process running for 20.22)
2024-08-31T00:15:39.835-05:00  INFO 24484 --- [AbyssiniaHotelBookingApp] [File Watcher] rtingClassPathChangeChangedEventListener : Restarting due to 1 class path change (0 additions, 0 deletions, 1 modification)
2024-08-31T00:15:39.876-05:00  INFO 24484 --- [AbyssiniaHotelBookingApp] [Thread-5] j.LocalContainerEntityManagerFactoryBean : Closing JPA EntityManagerFactory for persistence unit 'default'
2024-08-31T00:15:39.883-05:00  INFO 24484 --- [AbyssiniaHotelBookingApp] [Thread-5] com.zaxxer.hikari.HikariDataSource       : HikariPool-1 - Shutdown initiated...
2024-08-31T00:15:39.906-05:00  INFO 24484 --- [AbyssiniaHotelBookingApp] [Thread-5] com.zaxxer.hikari.HikariDataSource       : HikariPool-1 - Shutdown completed.
2024-08-31T00:15:40.137-05:00  INFO 24484 --- [AbyssiniaHotelBookingApp] [restartedMain] .s.A.AbyssiniaHotelBookingAppApplication : Starting AbyssiniaHotelBookingAppApplication using Java 22 with PID 24484 (C:\Users\sarin\OneDrive\Desktop\Per Scholas\AbyssiniaHotelBookingApp\target\classes started by sarin in C:\Users\sarin\OneDrive\Desktop\Per Scholas\AbyssiniaHotelBookingApp)
2024-08-31T00:15:40.137-05:00  INFO 24484 --- [AbyssiniaHotelBookingApp] [restartedMain] .s.A.AbyssiniaHotelBookingAppApplication : No active profile set, falling back to 1 default profile: "default"
2024-08-31T00:15:41.143-05:00  INFO 24484 --- [AbyssiniaHotelBookingApp] [restartedMain] .s.d.r.c.RepositoryConfigurationDelegate : Bootstrapping Spring Data JPA repositories in DEFAULT mode.
2024-08-31T00:15:41.185-05:00  INFO 24484 --- [AbyssiniaHotelBookingApp] [restartedMain] .s.d.r.c.RepositoryConfigurationDelegate : Finished Spring Data repository scanning in 41 ms. Found 4 JPA repository interfaces.
2024-08-31T00:15:41.586-05:00  INFO 24484 --- [AbyssiniaHotelBookingApp] [restartedMain] o.s.b.w.embedded.tomcat.TomcatWebServer  : Tomcat initialized with port 8080 (http)
2024-08-31T00:15:41.586-05:00  INFO 24484 --- [AbyssiniaHotelBookingApp] [restartedMain] o.apache.catalina.core.StandardService   : Starting service [Tomcat]
2024-08-31T00:15:41.586-05:00  INFO 24484 --- [AbyssiniaHotelBookingApp] [restartedMain] o.apache.catalina.core.StandardEngine    : Starting Servlet engine: [Apache Tomcat/10.1.26]
2024-08-31T00:15:41.696-05:00  INFO 24484 --- [AbyssiniaHotelBookingApp] [restartedMain] o.a.c.c.C.[Tomcat].[localhost].[/]       : Initializing Spring embedded WebApplicationContext
2024-08-31T00:15:41.696-05:00  INFO 24484 --- [AbyssiniaHotelBookingApp] [restartedMain] w.s.c.ServletWebServerApplicationContext : Root WebApplicationContext: initialization completed in 1543 ms
2024-08-31T00:15:42.038-05:00  INFO 24484 --- [AbyssiniaHotelBookingApp] [restartedMain] o.hibernate.jpa.internal.util.LogHelper  : HHH000204: Processing PersistenceUnitInfo [name: default]
2024-08-31T00:15:42.053-05:00  INFO 24484 --- [AbyssiniaHotelBookingApp] [restartedMain] o.h.c.internal.RegionFactoryInitiator    : HHH000026: Second-level cache disabled
2024-08-31T00:15:42.077-05:00  INFO 24484 --- [AbyssiniaHotelBookingApp] [restartedMain] o.s.o.j.p.SpringPersistenceUnitInfo      : No LoadTimeWeaver setup: ignoring JPA class transformer
2024-08-31T00:15:42.078-05:00  INFO 24484 --- [AbyssiniaHotelBookingApp] [restartedMain] com.zaxxer.hikari.HikariDataSource       : HikariPool-2 - Starting...
2024-08-31T00:15:42.121-05:00  INFO 24484 --- [AbyssiniaHotelBookingApp] [restartedMain] com.zaxxer.hikari.pool.HikariPool        : HikariPool-2 - Added connection com.mysql.cj.jdbc.ConnectionImpl@10113f
2024-08-31T00:15:42.121-05:00  INFO 24484 --- [AbyssiniaHotelBookingApp] [restartedMain] com.zaxxer.hikari.HikariDataSource       : HikariPool-2 - Start completed.
2024-08-31T00:15:42.121-05:00  WARN 24484 --- [AbyssiniaHotelBookingApp] [restartedMain] org.hibernate.orm.deprecation            : HHH90000025: MySQL8Dialect does not need to be specified explicitly using 'hibernate.dialect' (remove the property setting and it will be selected by default)
2024-08-31T00:15:42.121-05:00  WARN 24484 --- [AbyssiniaHotelBookingApp] [restartedMain] org.hibernate.orm.deprecation            : HHH90000026: MySQL8Dialect has been deprecated; use org.hibernate.dialect.MySQLDialect instead
2024-08-31T00:15:42.447-05:00  INFO 24484 --- [AbyssiniaHotelBookingApp] [restartedMain] o.h.e.t.j.p.i.JtaPlatformInitiator       : HHH000489: No JTA platform available (set 'hibernate.transaction.jta.platform' to enable JTA platform integration)
2024-08-31T00:15:42.566-05:00  INFO 24484 --- [AbyssiniaHotelBookingApp] [restartedMain] j.LocalContainerEntityManagerFactoryBean : Initialized JPA EntityManagerFactory for persistence unit 'default'
2024-08-31T00:15:43.149-05:00  WARN 24484 --- [AbyssiniaHotelBookingApp] [restartedMain] JpaBaseConfiguration$JpaWebConfiguration : spring.jpa.open-in-view is enabled by default. Therefore, database queries may be performed during view rendering. Explicitly configure spring.jpa.open-in-view to disable this warning
2024-08-31T00:15:43.209-05:00  INFO 24484 --- [AbyssiniaHotelBookingApp] [restartedMain] eAuthenticationProviderManagerConfigurer : Global AuthenticationManager configured with AuthenticationProvider bean with name authenticationProvider
2024-08-31T00:15:43.211-05:00  WARN 24484 --- [AbyssiniaHotelBookingApp] [restartedMain] r$InitializeUserDetailsManagerConfigurer : Global AuthenticationManager configured with an AuthenticationProvider bean. UserDetailsService beans will not be used for username/password login. Consider removing the AuthenticationProvider bean. Alternatively, consider using the UserDetailsService in a manually instantiated DaoAuthenticationProvider.
2024-08-31T00:15:43.792-05:00  INFO 24484 --- [AbyssiniaHotelBookingApp] [restartedMain] o.s.b.a.e.web.EndpointLinksResolver      : Exposing 1 endpoint beneath base path '/actuator'
2024-08-31T00:15:44.529-05:00  INFO 24484 --- [AbyssiniaHotelBookingApp] [restartedMain] o.s.b.d.a.OptionalLiveReloadServer       : LiveReload server is running on port 35729
2024-08-31T00:15:44.587-05:00  INFO 24484 --- [AbyssiniaHotelBookingApp] [restartedMain] o.s.b.w.embedded.tomcat.TomcatWebServer  : Tomcat started on port 8080 (http) with context path '/'
2024-08-31T00:15:44.603-05:00  INFO 24484 --- [AbyssiniaHotelBookingApp] [restartedMain] .s.A.AbyssiniaHotelBookingAppApplication : Started AbyssiniaHotelBookingAppApplication in 4.562 seconds (process running for 406.382)
2024-08-31T00:15:44.608-05:00  INFO 24484 --- [AbyssiniaHotelBookingApp] [restartedMain] .ConditionEvaluationDeltaLoggingListener : Condition evaluation unchanged
2024-08-31T00:17:15.264-05:00  INFO 24484 --- [AbyssiniaHotelBookingApp] [http-nio-8080-exec-1] o.a.c.c.C.[Tomcat].[localhost].[/]       : Initializing Spring DispatcherServlet 'dispatcherServlet'
2024-08-31T00:17:15.265-05:00  INFO 24484 --- [AbyssiniaHotelBookingApp] [http-nio-8080-exec-1] o.s.web.servlet.DispatcherServlet        : Initializing Servlet 'dispatcherServlet'
2024-08-31T00:17:15.269-05:00  INFO 24484 --- [AbyssiniaHotelBookingApp] [http-nio-8080-exec-1] o.s.web.servlet.DispatcherServlet        : Completed initialization in 3 ms
2024-08-31T00:17:15.522-05:00  INFO 24484 --- [AbyssiniaHotelBookingApp] [http-nio-8080-exec-2] c.s.A.controllers.UserController         : Login page displayed
2024-08-31T00:17:16.517-05:00  INFO 24484 --- [AbyssiniaHotelBookingApp] [http-nio-8080-exec-7] c.s.A.controllers.UserController         : Login page displayed
2024-08-31T00:17:16.545-05:00  INFO 24484 --- [AbyssiniaHotelBookingApp] [http-nio-8080-exec-8] c.s.A.controllers.UserController         : Login page displayed
2024-08-31T00:17:16.569-05:00  INFO 24484 --- [AbyssiniaHotelBookingApp] [http-nio-8080-exec-9] c.s.A.controllers.UserController         : Login page displayed
2024-08-31T00:17:27.096-05:00  WARN 24484 --- [AbyssiniaHotelBookingApp] [http-nio-8080-exec-10] c.s.A.services.Impl.UserService          : Invalid username or password sara@gmail.com
2024-08-31T00:17:27.597-05:00  INFO 24484 --- [AbyssiniaHotelBookingApp] [http-nio-8080-exec-1] c.s.A.controllers.UserController         : Login page displayed
2024-08-31T00:17:27.706-05:00  INFO 24484 --- [AbyssiniaHotelBookingApp] [http-nio-8080-exec-6] c.s.A.controllers.UserController         : Login page displayed
2024-08-31T00:17:27.724-05:00  INFO 24484 --- [AbyssiniaHotelBookingApp] [http-nio-8080-exec-7] c.s.A.controllers.UserController         : Login page displayed
2024-08-31T00:17:27.744-05:00  INFO 24484 --- [AbyssiniaHotelBookingApp] [http-nio-8080-exec-8] c.s.A.controllers.UserController         : Login page displayed
2024-08-31T00:17:33.928-05:00  INFO 24484 --- [AbyssiniaHotelBookingApp] [http-nio-8080-exec-5] c.s.A.controllers.UserController         : Login page displayed
2024-08-31T00:17:33.944-05:00  INFO 24484 --- [AbyssiniaHotelBookingApp] [http-nio-8080-exec-4] c.s.A.controllers.UserController         : Login page displayed
2024-08-31T00:17:33.958-05:00  INFO 24484 --- [AbyssiniaHotelBookingApp] [http-nio-8080-exec-6] c.s.A.controllers.UserController         : Login page displayed
2024-08-31T00:18:06.180-05:00  INFO 24484 --- [AbyssiniaHotelBookingApp] [http-nio-8080-exec-8] c.s.A.controllers.UserController         : Login page displayed
2024-08-31T00:18:06.277-05:00  INFO 24484 --- [AbyssiniaHotelBookingApp] [http-nio-8080-exec-2] c.s.A.controllers.UserController         : Login page displayed
2024-08-31T00:18:06.293-05:00  INFO 24484 --- [AbyssiniaHotelBookingApp] [http-nio-8080-exec-5] c.s.A.controllers.UserController         : Login page displayed
2024-08-31T00:18:06.311-05:00  INFO 24484 --- [AbyssiniaHotelBookingApp] [http-nio-8080-exec-4] c.s.A.controllers.UserController         : Login page displayed
2024-08-31T00:20:50.817-05:00  INFO 24484 --- [AbyssiniaHotelBookingApp] [http-nio-8080-exec-8] c.s.A.controllers.UserController         : Login page displayed
2024-08-31T00:20:50.936-05:00  INFO 24484 --- [AbyssiniaHotelBookingApp] [http-nio-8080-exec-2] c.s.A.controllers.UserController         : Login page displayed
2024-08-31T00:20:50.948-05:00  INFO 24484 --- [AbyssiniaHotelBookingApp] [http-nio-8080-exec-5] c.s.A.controllers.UserController         : Login page displayed
2024-08-31T00:20:50.961-05:00  INFO 24484 --- [AbyssiniaHotelBookingApp] [http-nio-8080-exec-4] c.s.A.controllers.UserController         : Login page displayed
2024-08-31T00:21:00.827-05:00  INFO 24484 --- [AbyssiniaHotelBookingApp] [http-nio-8080-exec-10] c.s.A.controllers.UserController         : Login page displayed
2024-08-31T00:21:00.919-05:00  INFO 24484 --- [AbyssiniaHotelBookingApp] [http-nio-8080-exec-1] c.s.A.controllers.UserController         : Login page displayed
2024-08-31T00:21:00.930-05:00  INFO 24484 --- [AbyssiniaHotelBookingApp] [http-nio-8080-exec-2] c.s.A.controllers.UserController         : Login page displayed
2024-08-31T00:21:00.944-05:00  INFO 24484 --- [AbyssiniaHotelBookingApp] [http-nio-8080-exec-5] c.s.A.controllers.UserController         : Login page displayed
